Determining if the pthread_create exist failed with the following output:
Change Dir: /home/liuzheng/ClionProjects/ChatServer/CMakeFiles/CMakeTmp

Run Build Command:"/usr/bin/make" "cmTC_a48f1/fast"
/usr/bin/make -f CMakeFiles/cmTC_a48f1.dir/build.make CMakeFiles/cmTC_a48f1.dir/build
make[1]: Entering directory '/home/liuzheng/ClionProjects/ChatServer/CMakeFiles/CMakeTmp'
Building C object CMakeFiles/cmTC_a48f1.dir/CheckSymbolExists.c.o
/usr/bin/cc    -o CMakeFiles/cmTC_a48f1.dir/CheckSymbolExists.c.o   -c /home/liuzheng/ClionProjects/ChatServer/CMakeFiles/CMakeTmp/CheckSymbolExists.c
Linking C executable cmTC_a48f1
/usr/local/bin/cmake -E cmake_link_script CMakeFiles/cmTC_a48f1.dir/link.txt --verbose=1
/usr/bin/cc      -rdynamic CMakeFiles/cmTC_a48f1.dir/CheckSymbolExists.c.o  -o cmTC_a48f1 
CMakeFiles/cmTC_a48f1.dir/CheckSymbolExists.c.o: In function `main':
CheckSymbolExists.c:(.text+0x1b): undefined reference to `pthread_create'
collect2: error: ld returned 1 exit status
CMakeFiles/cmTC_a48f1.dir/build.make:97: recipe for target 'cmTC_a48f1' failed
make[1]: *** [cmTC_a48f1] Error 1
make[1]: Leaving directory '/home/liuzheng/ClionProjects/ChatServer/CMakeFiles/CMakeTmp'
Makefile:126: recipe for target 'cmTC_a48f1/fast' failed
make: *** [cmTC_a48f1/fast] Error 2

File /home/liuzheng/ClionProjects/ChatServer/CMakeFiles/CMakeTmp/CheckSymbolExists.c:
/* */
#include <pthread.h>

int main(int argc, char** argv)
{
  (void)argv;
#ifndef pthread_create
  return ((int*)(&pthread_create))[argc];
#else
  (void)argc;
  return 0;
#endif
}

Determining if the function pthread_create exists in the pthreads failed with the following output:
Change Dir: /home/liuzheng/ClionProjects/ChatServer/CMakeFiles/CMakeTmp

Run Build Command:"/usr/bin/make" "cmTC_2450f/fast"
/usr/bin/make -f CMakeFiles/cmTC_2450f.dir/build.make CMakeFiles/cmTC_2450f.dir/build
make[1]: Entering directory '/home/liuzheng/ClionProjects/ChatServer/CMakeFiles/CMakeTmp'
Building C object CMakeFiles/cmTC_2450f.dir/CheckFunctionExists.c.o
/usr/bin/cc   -DCHECK_FUNCTION_EXISTS=pthread_create   -o CMakeFiles/cmTC_2450f.dir/CheckFunctionExists.c.o   -c /usr/local/share/cmake-3.8/Modules/CheckFunctionExists.c
Linking C executable cmTC_2450f
/usr/local/bin/cmake -E cmake_link_script CMakeFiles/cmTC_2450f.dir/link.txt --verbose=1
/usr/bin/cc  -DCHECK_FUNCTION_EXISTS=pthread_create    -rdynamic CMakeFiles/cmTC_2450f.dir/CheckFunctionExists.c.o  -o cmTC_2450f -lpthreads 
/usr/bin/ld: cannot find -lpthreads
collect2: error: ld returned 1 exit status
CMakeFiles/cmTC_2450f.dir/build.make:97: recipe for target 'cmTC_2450f' failed
make[1]: *** [cmTC_2450f] Error 1
make[1]: Leaving directory '/home/liuzheng/ClionProjects/ChatServer/CMakeFiles/CMakeTmp'
Makefile:126: recipe for target 'cmTC_2450f/fast' failed
make: *** [cmTC_2450f/fast] Error 2


